C:\RF6x1\RFSeriesDevKit\RF6xxSamples\PLMultiThread\.\Release\PLMultiThread.exe
C:\RF6x1\RFSeriesDevKit\RF6xxSamples\PLMultiThread\.\Release\PLMultiThread.exe.intermediate.manifest
C:\RF6X1\RFSERIESDEVKIT\RF6XXSAMPLES\PLMULTITHREAD\RELEASE\BSCONNECTIONS.OBJ
C:\RF6X1\RFSERIESDEVKIT\RF6XXSAMPLES\PLMULTITHREAD\RELEASE\CDPLSERVER.OBJ
C:\RF6x1\RFSeriesDevKit\RF6xxSamples\PLMultiThread\Release\cl.command.1.tlog
C:\RF6x1\RFSeriesDevKit\RF6xxSamples\PLMultiThread\Release\CL.read.1.tlog
C:\RF6x1\RFSeriesDevKit\RF6xxSamples\PLMultiThread\Release\CL.write.1.tlog
C:\RF6X1\RFSERIESDEVKIT\RF6XXSAMPLES\PLMULTITHREAD\RELEASE\DATAPROCESSING.OBJ
C:\RF6x1\RFSeriesDevKit\RF6xxSamples\PLMultiThread\Release\link.command.1.tlog
C:\RF6x1\RFSeriesDevKit\RF6xxSamples\PLMultiThread\Release\link.read.1.tlog
C:\RF6x1\RFSeriesDevKit\RF6xxSamples\PLMultiThread\Release\link.write.1.tlog
C:\RF6x1\RFSeriesDevKit\RF6xxSamples\PLMultiThread\Release\link-cvtres.read.1.tlog
C:\RF6x1\RFSeriesDevKit\RF6xxSamples\PLMultiThread\Release\link-cvtres.write.1.tlog
C:\RF6x1\RFSeriesDevKit\RF6xxSamples\PLMultiThread\Release\mt.command.1.tlog
C:\RF6x1\RFSeriesDevKit\RF6xxSamples\PLMultiThread\Release\mt.read.1.tlog
C:\RF6x1\RFSeriesDevKit\RF6xxSamples\PLMultiThread\Release\mt.write.1.tlog
C:\RF6X1\RFSERIESDEVKIT\RF6XXSAMPLES\PLMULTITHREAD\RELEASE\PLMULTITHREAD.EXE
C:\RF6X1\RFSERIESDEVKIT\RF6XXSAMPLES\PLMULTITHREAD\RELEASE\PLMULTITHREAD.EXE.INTERMEDIATE.MANIFEST
C:\RF6X1\RFSERIESDEVKIT\RF6XXSAMPLES\PLMULTITHREAD\RELEASE\PLMULTITHREAD.OBJ
C:\RF6X1\RFSERIESDEVKIT\RF6XXSAMPLES\PLMULTITHREAD\RELEASE\PLMULTITHREAD.PCH
C:\RF6X1\RFSERIESDEVKIT\RF6XXSAMPLES\PLMULTITHREAD\RELEASE\PLMULTITHREAD.RES
C:\RF6X1\RFSERIESDEVKIT\RF6XXSAMPLES\PLMULTITHREAD\RELEASE\PLMULTITHREADDLG.OBJ
C:\RF6x1\RFSeriesDevKit\RF6xxSamples\PLMultiThread\Release\rc.command.1.tlog
C:\RF6x1\RFSeriesDevKit\RF6xxSamples\PLMultiThread\Release\rc.read.1.tlog
C:\RF6x1\RFSeriesDevKit\RF6xxSamples\PLMultiThread\Release\rc.write.1.tlog
C:\RF6X1\RFSERIESDEVKIT\RF6XXSAMPLES\PLMULTITHREAD\RELEASE\STDAFX.OBJ
C:\RF6X1\RFSERIESDEVKIT\RF6XXSAMPLES\PLMULTITHREAD\RELEASE\VC100.PDB
C:\RF6X1\RFSERIESDEVKIT\RF6XXSAMPLES\PLMULTITHREAD\RELEASE\YLEIS.OBJ
